# JRE version: Java(TM) SE Runtime Environment (8.0_191-b12) (build 1.8.0_191-b12)
# Java VM: Java HotSpot(TM) Client VM (25.191-b12 mixed mode windows-x86 )
Heap:
 def new generation   total 20480K, used 16084K [0x07400000, 0x08a30000, 0x0c950000)
  eden space 18240K,  79% used [0x07400000, 0x0823da58, 0x085d0000)
  from space 2240K,  67% used [0x08800000, 0x08977728, 0x08a30000)
  to   space 2240K,   0% used [0x085d0000, 0x085d0000, 0x08800000)
 tenured generation   total 45316K, used 30532K [0x0c950000, 0x0f591000, 0x17400000)
   the space 45316K,  67% used [0x0c950000, 0x0e7213e0, 0x0e721400, 0x0f591000)
 Metaspace       used 46959K, capacity 48570K, committed 48768K, reserved 49536K
GC Heap History (10 events):
Event: 1421.587 GC heap before
{Heap before GC invocations=300 (full 19):
 def new generation   total 20480K, used 19715K [0x07400000, 0x08a30000, 0x0c950000)
  eden space 18240K,  99% used [0x07400000, 0x085c90d8, 0x085d0000)
  from space 2240K,  67% used [0x085d0000, 0x08747be8, 0x08800000)
  to   space 2240K,   0% used [0x08800000, 0x08800000, 0x08a30000)
 tenured generation   total 45316K, used 28357K [0x0c950000, 0x0f591000, 0x17400000)
   the space 45316K,  62% used [0x0c950000, 0x0e501630, 0x0e501800, 0x0f591000)
 Metaspace       used 46777K, capacity 48384K, committed 48640K, reserved 49536K
Event: 1421.593 GC heap after
Heap after GC invocations=301 (full 19):
 def new generation   total 20480K, used 852K [0x07400000, 0x08a30000, 0x0c950000)
  eden space 18240K,   0% used [0x07400000, 0x07400000, 0x085d0000)
  from space 2240K,  38% used [0x08800000, 0x088d5220, 0x08a30000)
  to   space 2240K,   0% used [0x085d0000, 0x085d0000, 0x08800000)
 tenured generation   total 45316K, used 28965K [0x0c950000, 0x0f591000, 0x17400000)
   the space 45316K,  63% used [0x0c950000, 0x0e599610, 0x0e599800, 0x0f591000)
 Metaspace       used 46777K, capacity 48384K, committed 48640K, reserved 49536K
}
Event: 1421.854 GC heap before
{Heap before GC invocations=301 (full 19):
 def new generation   total 20480K, used 19092K [0x07400000, 0x08a30000, 0x0c950000)
  eden space 18240K, 100% used [0x07400000, 0x085d0000, 0x085d0000)
  from space 2240K,  38% used [0x08800000, 0x088d5220, 0x08a30000)
  to   space 2240K,   0% used [0x085d0000, 0x085d0000, 0x08800000)
 tenured generation   total 45316K, used 28965K [0x0c950000, 0x0f591000, 0x17400000)
   the space 45316K,  63% used [0x0c950000, 0x0e599610, 0x0e599800, 0x0f591000)
 Metaspace       used 46791K, capacity 48402K, committed 48640K, reserved 49536K
Event: 1421.860 GC heap after
Heap after GC invocations=302 (full 19):
 def new generation   total 20480K, used 1848K [0x07400000, 0x08a30000, 0x0c950000)
  eden space 18240K,   0% used [0x07400000, 0x07400000, 0x085d0000)
  from space 2240K,  82% used [0x085d0000, 0x0879e378, 0x08800000)
  to   space 2240K,   0% used [0x08800000, 0x08800000, 0x08a30000)
 tenured generation   total 45316K, used 28965K [0x0c950000, 0x0f591000, 0x17400000)
   the space 45316K,  63% used [0x0c950000, 0x0e599610, 0x0e599800, 0x0f591000)
 Metaspace       used 46791K, capacity 48402K, committed 48640K, reserved 49536K
}
Event: 1422.151 GC heap before
{Heap before GC invocations=302 (full 19):
 def new generation   total 20480K, used 20088K [0x07400000, 0x08a30000, 0x0c950000)
  eden space 18240K, 100% used [0x07400000, 0x085d0000, 0x085d0000)
  from space 2240K,  82% used [0x085d0000, 0x0879e378, 0x08800000)
  to   space 2240K,   0% used [0x08800000, 0x08800000, 0x08a30000)
 tenured generation   total 45316K, used 28965K [0x0c950000, 0x0f591000, 0x17400000)
   the space 45316K,  63% used [0x0c950000, 0x0e599610, 0x0e599800, 0x0f591000)
 Metaspace       used 46825K, capacity 48444K, committed 48640K, reserved 49536K
Event: 1422.159 GC heap after
Heap after GC invocations=303 (full 19):
 def new generation   total 20480K, used 1324K [0x07400000, 0x08a30000, 0x0c950000)
  eden space 18240K,   0% used [0x07400000, 0x07400000, 0x085d0000)
  from space 2240K,  59% used [0x08800000, 0x0894b3e0, 0x08a30000)
  to   space 2240K,   0% used [0x085d0000, 0x085d0000, 0x08800000)
 tenured generation   total 45316K, used 29672K [0x0c950000, 0x0f591000, 0x17400000)
   the space 45316K,  65% used [0x0c950000, 0x0e64a368, 0x0e64a400, 0x0f591000)
 Metaspace       used 46825K, capacity 48444K, committed 48640K, reserved 49536K
}
Event: 1422.458 GC heap before
{Heap before GC invocations=303 (full 19):
 def new generation   total 20480K, used 19564K [0x07400000, 0x08a30000, 0x0c950000)
  eden space 18240K, 100% used [0x07400000, 0x085d0000, 0x085d0000)
  from space 2240K,  59% used [0x08800000, 0x0894b3e0, 0x08a30000)
  to   space 2240K,   0% used [0x085d0000, 0x085d0000, 0x08800000)
 tenured generation   total 45316K, used 29672K [0x0c950000, 0x0f591000, 0x17400000)
   the space 45316K,  65% used [0x0c950000, 0x0e64a368, 0x0e64a400, 0x0f591000)
 Metaspace       used 46907K, capacity 48515K, committed 48768K, reserved 49536K
Event: 1422.466 GC heap after
Heap after GC invocations=304 (full 19):
 def new generation   total 20480K, used 1574K [0x07400000, 0x08a30000, 0x0c950000)
  eden space 18240K,   0% used [0x07400000, 0x07400000, 0x085d0000)
  from space 2240K,  70% used [0x085d0000, 0x08759b70, 0x08800000)
  to   space 2240K,   0% used [0x08800000, 0x08800000, 0x08a30000)
 tenured generation   total 45316K, used 30032K [0x0c950000, 0x0f591000, 0x17400000)
   the space 45316K,  66% used [0x0c950000, 0x0e6a4270, 0x0e6a4400, 0x0f591000)
 Metaspace       used 46907K, capacity 48515K, committed 48768K, reserved 49536K
}
Event: 1426.661 GC heap before
{Heap before GC invocations=304 (full 19):
 def new generation   total 20480K, used 19814K [0x07400000, 0x08a30000, 0x0c950000)
  eden space 18240K, 100% used [0x07400000, 0x085d0000, 0x085d0000)
  from space 2240K,  70% used [0x085d0000, 0x08759b70, 0x08800000)
  to   space 2240K,   0% used [0x08800000, 0x08800000, 0x08a30000)
 tenured generation   total 45316K, used 30032K [0x0c950000, 0x0f591000, 0x17400000)
   the space 45316K,  66% used [0x0c950000, 0x0e6a4270, 0x0e6a4400, 0x0f591000)
 Metaspace       used 46919K, capacity 48538K, committed 48768K, reserved 49536K
Event: 1426.669 GC heap after
Heap after GC invocations=305 (full 19):
 def new generation   total 20480K, used 1501K [0x07400000, 0x08a30000, 0x0c950000)
  eden space 18240K,   0% used [0x07400000, 0x07400000, 0x085d0000)
  from space 2240K,  67% used [0x08800000, 0x08977728, 0x08a30000)
  to   space 2240K,   0% used [0x085d0000, 0x085d0000, 0x08800000)
 tenured generation   total 45316K, used 30532K [0x0c950000, 0x0f591000, 0x17400000)
   the space 45316K,  67% used [0x0c950000, 0x0e7213e0, 0x0e721400, 0x0f591000)
 Metaspace       used 46919K, capacity 48538K, committed 48768K, reserved 49536K
}

